therion 5.4.4 (2019-05-01)
initialization file: /etc/therion.ini
reading ... done
checking optional fonts csr10 csti10 csbx10 csss10 csssi10 ... NOT INSTALLED
checking optional fonts cmcyr10 cmcti10 cmcbx10 cmcss10 cmcssi10 ... NOT INSTALLED
configuration file: thconfig
reading ... done
reading source files ... done
preprocessing database ... done
scanning centreline tree ... done
searching for centerline loops ... done
calculating station coordinates ... done
processing survey data ... 
####################### cavern log file ########################
 1> Survex 1.2.42
 2> Copyright © 1990-2018 Olly Betts
 3> Survey has no control points. Therefore I’ve fixed 1 at (0,0,0)
 4> 
 5> Survey contains 428 survey stations, joined by 427 shots.
 6> There are 2 loops.
 7> Survey has 3 connected components.
 8> Total length of survey shots = 1609.10m (1609.10m adjusted)
 9> Total plan length of survey shots = 1516.71m
10> Total vertical length of survey shots =  315.91m
11> Vertical range = 5.42m (from 53 at 1.59m to 225 at -3.82m)
12> North-South range = 56.86m (from 53 at 7.11m to 424 at -49.75m)
13> East-West range = 56.38m (from 362 at 38.71m to 146 at -17.67m)
14>  413 1-nodes.
15>    1 15-node.
16>    1 16-node.
17>    1 17-node.
18>    1 18-node.
19>    1 19-node.
20>    1 20-node.
21>    1 24-node.
22>    1 26-node.
23>    1 31-node.
24>    1 33-node.
25>    1 35-node.
26>    2 38-nodes.
27>    1 52-node.
28>    1 59-node.
29> 
######################### transcription ########################
 3> 1 : A1@A.morgan
 5> 428 : ent@morgan -- 427 : -@A.morgan
 6> 2 : A2@A.morgan
 7> 3 : A3@A.morgan
11> 53 : -@A.morgan -- 225 : -@A.morgan
12> 53 : -@A.morgan -- 424 : -@A.morgan
13> 362 : -@A.morgan -- 146 : -@A.morgan
14> 413 : -@A.morgan
15> 1 : A1@A.morgan
16> 1 : A1@A.morgan
17> 1 : A1@A.morgan
18> 1 : A1@A.morgan
19> 1 : A1@A.morgan
20> 1 : A1@A.morgan
21> 1 : A1@A.morgan
22> 1 : A1@A.morgan
23> 1 : A1@A.morgan
24> 1 : A1@A.morgan
25> 1 : A1@A.morgan
26> 2 : A2@A.morgan
27> 1 : A1@A.morgan
28> 1 : A1@A.morgan
#################### end of cavern log file ####################
done
calculating basic statistics ... done
processing extended elevation ... done
processing references ... done
selecting export objects ... done
writing morgans.3d ... done
writing morgans.lox ...
processing projection plan ... done
average distortion: 0.08%
. done
therion: warning -- data not georeferenced -- unable to export KML file
writing morgans.pdf ...
####################### metapost log file ########################
This is MetaPost, version 2.00 (TeX Live 2019/Debian) (kpathsea version 6.3.1)  8 FEB 2022 19:46
**data.mp
(/usr/share/texlive/texmf-dist/metapost/base/mpost.mp
(/usr/share/texlive/texmf-dist/metapost/base/plain.mp
Preloading the plain mem file, version 1.005) ) (./data.mp
{randomseed:=42}
 [4001] [4002] [4003] [4004] [4005] [4006] [4007] [4008] [4009] [4010] [4011] [
4012] [4013]
[1] [2] [3] [4] [5] [6] [7] (./mptextmp.mp) [8] [9] [10] [11] [12] [13] [14]
[15] [16] [17] [18] [19] [20] [21] )
 
Here is how much of MetaPost's memory you used:
 9345 strings using 194731 characters
 3678560 bytes of node memory
 1570 symbolic tokens
 11i,82n,14p,202b,4f stack positions out of 16i,98n,17p,250b,6f
34 output files written: data.1 .. data.4013


#################### end of metapost log file ####################
converting scraps ... done
making map ... done
######################## pdftex log file #########################
This is pdfTeX, Version 3.14159265-2.6-1.40.20 (TeX Live 2019/Debian) (preloaded format=pdfetex 2022.2.7)  8 FEB 2022 19:46
entering extended mode
 restricted \write18 enabled.
 %&-line parsing enabled.
**data.tex
(./data.tex (./th_enc.tex) (./th_texts.tex) (./th_resources.tex
(/usr/share/texlive/texmf-dist/tex/generic/pdftex/glyphtounicode.tex))
(./th_fontdef.tex{/var/lib/texmf/fonts/map/pdftex/updmap/pdftex.map})
(./th_formdef.tex) (./th_pagedef.tex (./th_legend.tex)) (./th_pages.tex)
 72 numeric registers used out of 32768

[1] ) 
Here is how much of TeX's memory you used:
 264 strings out of 497099
 2702 string characters out of 6206936
 158950 words of memory out of 5000000
 1493 multiletter control sequences out of 15000+600000
 16065 words of font info for 54 fonts, out of 8000000 for 9000
 14 hyphenation exceptions out of 8191
 12i,5n,8p,333b,70s stack positions out of 5000i,500n,10000p,200000b,80000s
</usr/share/texlive/texmf-dist/fonts/type1/public/amsfonts/cm/cmss10.pfb><
/usr/share/texlive/texmf-dist/fonts/type1/public/amsfonts/cm/cmssi10.pfb>
Output written on data.pdf (1 page, 171548 bytes).
PDF statistics:
 82 PDF objects out of 1000 (max. 8388607)
 45 compressed objects within 1 object stream
 0 named destinations out of 1000 (max. 500000)
 201 words of extra memory for PDF output out of 10000 (max. 10000000)


##################### end of pdftex log file #####################
done
therion: warning -- data not georeferenced -- unable to export KML file
writing xtherion file ... done
compilation time: 2 sec


###################### scrap distortions #######################
 PROJECTION: plan
 AVERAGE  MAXIMAL  SCRAP
   0.08%    1.47%  ASP@A.morgan
################### end of scrap distortions ###################
